[2022-02-24 19:17:19,423] [views.py:70] [views:get_context] [INFO]- 执行更新：refs/heads/DevelopTEAM_JT/ChileCat_Admin_Web
[2022-02-24 19:17:19,433] [views.py:75] [views:get_context] [INFO]- 自动部署执行结果：
[2022-02-24 19:17:19,438] [basehttp.py:161] [basehttp:log_message] [INFO]- "POST /hook HTTP/1.1" 200 47
[2022-02-24 19:17:46,983] [views.py:70] [views:get_context] [INFO]- 执行更新：refs/heads/DevelopTEAM_JT/ChileCat_Admin_Web
[2022-02-24 19:17:58,915] [views.py:75] [views:get_context] [INFO]- 自动部署执行结果：
[2022-02-24 19:17:59,974] [basehttp.py:161] [basehttp:log_message] [INFO]- "POST /hook HTTP/1.1" 200 47
[2022-02-24 19:18:25,980] [autoreload.py:250] [autoreload:trigger_reload] [INFO]- /project/ChileCat/WebHooks/WebHooks/views.py changed, reloading.
[2022-02-24 19:18:28,257] [autoreload.py:636] [autoreload:run_with_reloader] [INFO]- Watching for file changes with StatReloader
[2022-02-24 19:19:18,878] [views.py:70] [views:get_context] [INFO]- 执行更新：refs/heads/Develop：TEAM_JT/ChileCat_Admin_Web
[2022-02-24 19:19:18,889] [views.py:75] [views:get_context] [INFO]- 自动部署执行结果：
[2022-02-24 19:19:18,894] [basehttp.py:161] [basehttp:log_message] [INFO]- "POST /hook HTTP/1.1" 200 47
[2022-02-24 19:19:28,621] [autoreload.py:250] [autoreload:trigger_reload] [INFO]- /project/ChileCat/WebHooks/WebHooks/views.py changed, reloading.
[2022-02-24 19:19:30,820] [autoreload.py:636] [autoreload:run_with_reloader] [INFO]- Watching for file changes with StatReloader
[2022-02-24 19:19:34,194] [views.py:69] [views:get_context] [INFO]- 执行更新：refs/heads/Develop：TEAM_JT/ChileCat_Admin_Web
[2022-02-24 19:19:34,932] [views.py:74] [views:get_context] [INFO]- 自动部署执行结果：
[2022-02-24 19:19:34,933] [views.py:76] [views:get_context] [INFO]- Fetching origin

[2022-02-24 19:19:34,933] [views.py:76] [views:get_context] [INFO]- HEAD is now at f1af515 测试打包

[2022-02-24 19:19:34,934] [views.py:76] [views:get_context] [INFO]- Already up-to-date.

[2022-02-24 19:19:34,940] [basehttp.py:161] [basehttp:log_message] [INFO]- "POST /hook HTTP/1.1" 200 47
[2022-02-24 19:23:38,333] [autoreload.py:250] [autoreload:trigger_reload] [INFO]- /project/ChileCat/WebHooks/WebHooks/views.py changed, reloading.
[2022-02-24 19:23:40,535] [autoreload.py:636] [autoreload:run_with_reloader] [INFO]- Watching for file changes with StatReloader
[2022-02-24 19:24:54,091] [autoreload.py:250] [autoreload:trigger_reload] [INFO]- /project/ChileCat/WebHooks/WebHooks/views.py changed, reloading.
[2022-02-24 19:24:56,237] [autoreload.py:636] [autoreload:run_with_reloader] [INFO]- Watching for file changes with StatReloader
[2022-02-24 19:27:11,803] [log.py:224] [log:log_response] [ERROR]- Internal Server Error: /hook/
Traceback (most recent call last):
  File "/project/ChileCat/env/lib/python3.8/site-packages/django/core/handlers/exception.py", line 47, in inner
    response = get_response(request)
  File "/project/ChileCat/env/lib/python3.8/site-packages/django/core/handlers/base.py", line 181, in _get_response
    response = wrapped_callback(request, *callback_args, **callback_kwargs)
  File "/project/ChileCat/env/lib/python3.8/site-packages/django/views/decorators/csrf.py", line 54, in wrapped_view
    return view_func(*args, **kwargs)
  File "/project/ChileCat/env/lib/python3.8/site-packages/django/views/generic/base.py", line 70, in view
    return self.dispatch(request, *args, **kwargs)
  File "/project/ChileCat/env/lib/python3.8/site-packages/rest_framework/views.py", line 509, in dispatch
    response = self.handle_exception(exc)
  File "/project/ChileCat/env/lib/python3.8/site-packages/cool/views/view.py", line 255, in handle_exception
    return super().handle_exception(exc)
  File "/project/ChileCat/env/lib/python3.8/site-packages/rest_framework/views.py", line 469, in handle_exception
    self.raise_uncaught_exception(exc)
  File "/project/ChileCat/env/lib/python3.8/site-packages/rest_framework/views.py", line 480, in raise_uncaught_exception
    raise exc
  File "/project/ChileCat/env/lib/python3.8/site-packages/rest_framework/views.py", line 506, in dispatch
    response = handler(request, *args, **kwargs)
  File "/project/ChileCat/env/lib/python3.8/site-packages/cool/views/view.py", line 211, in get
    return self.view(request, *args, **kwargs)
  File "/project/ChileCat/env/lib/python3.8/site-packages/cool/views/view.py", line 207, in view
    context = self.get_context(request, *args, **kwargs)
  File "/project/ChileCat/WebHooks/WebHooks/views.py", line 70, in get_context
    email = request.data["user"]["email"] == "2810201146@qq.com"
KeyError: 'user'
[2022-02-24 19:27:11,869] [basehttp.py:161] [basehttp:log_message] [ERROR]- "GET /hook/ HTTP/1.1" 500 102753
[2022-02-24 19:30:21,493] [log.py:224] [log:log_response] [WARNING]- Not Found: /
[2022-02-24 19:30:21,494] [basehttp.py:161] [basehttp:log_message] [WARNING]- "GET / HTTP/1.1" 404 2328
